<?xml version="1.0" encoding="UTF-8"?>
<!-- Generated by org.testng.reporters.JUnitReportReporter -->
<testsuite hostname="Deepak" failures="0" tests="1" name="payLoad.PayLoadUsingMap" time="15.820" errors="0" timestamp="2024-08-10T15:32:13 IST" skipped="0">
  <testcase classname="payLoad.PayLoadUsingMap" name="testPOSTReq" time="15.820"/>
</testsuite> <!-- payLoad.PayLoadUsingMap -->
