<?xml version="1.0" encoding="UTF-8"?>
<!-- Generated by org.testng.reporters.JUnitReportReporter -->
<testsuite hostname="Deepak" failures="0" tests="1" name="payLoad.PayLoadUsingMap_1" time="8.008" errors="0" timestamp="2024-08-10T16:09:08 IST" skipped="0">
  <testcase classname="payLoad.PayLoadUsingMap_1" name="testPOSTReq" time="8.008"/>
</testsuite> <!-- payLoad.PayLoadUsingMap_1 -->
